<?xml version="1.0" encoding="UTF-8"?>
<testsuites name="Mocha Tests" time="0" tests="1" failures="1">
  <testsuite name="Root Suite" timestamp="2019-06-13T22:44:11" tests="1" failures="1" time="0">
    <testcase name=" An uncaught error was detected outside of a test" time="0" classname="An uncaught error was detected outside of a test">
      <failure message="Parser errors:
(7:6): expected: #EOF, #TableRow, #DocStringSeparator, #StepLine, #TagLine, #ScenarioLine, #ScenarioOutlineLine, #Comment, #Empty, got &apos;Examples:&apos;

This error originated from your test code, not from Cypress.

When Cypress detects uncaught errors originating from your test code it will automatically fail the current test.

Cypress could not associate this error to any specific test.

We dynamically generated a new test to display this failure." type="Uncaught CompositeParserException"><![CDATA[Uncaught CompositeParserException: Parser errors:
(7:6): expected: #EOF, #TableRow, #DocStringSeparator, #StepLine, #TagLine, #ScenarioLine, #ScenarioOutlineLine, #Comment, #Empty, got 'Examples:'

This error originated from your test code, not from Cypress.

When Cypress detects uncaught errors originating from your test code it will automatically fail the current test.

Cypress could not associate this error to any specific test.

We dynamically generated a new test to display this failure.
    at Function.Errors.CompositeParserException.create (https://welcome.kapten.com/__cypress/tests?p=cypress/integration/sign-up/sign-up-negative.feature-652:10248:13)
    at Parser.parse (https://welcome.kapten.com/__cypress/tests?p=cypress/integration/sign-up/sign-up-negative.feature-652:22589:45)
    at Object.1./Users/chiragverma/Desktop/cypress-cucumber/cypress/integration/sign-up/sign-up-negative/sign-up-negative.js (https://welcome.kapten.com/__cypress/tests?p=cypress/integration/sign-up/sign-up-negative.feature-652:26:35)
    at o (https://welcome.kapten.com/__cypress/tests?p=cypress/integration/sign-up/sign-up-negative.feature-652:1:265)
    at r (https://welcome.kapten.com/__cypress/tests?p=cypress/integration/sign-up/sign-up-negative.feature-652:1:431)
    at https://welcome.kapten.com/__cypress/tests?p=cypress/integration/sign-up/sign-up-negative.feature-652:1:460]]></failure>
    </testcase>
  </testsuite>
</testsuites>